2 93 227 80
3 45 189 70
4 56 197 69
5 69 184 50
6 60 185 70
7 61 183 52
8 62 185 73
9 68 188 63
10 62 197 81
11 66 194 53
12 65 193 86
13 57 186 61
14 62 197 81
15 67 186 64
16 68 199 99
17 74 182 94
18 75 209 86
19 82 189 59
20 99 192 78
21 82 182 68
22 81 192 77
23 92 179 68
24 92 198 99
25 90 179 59
26 92 188 89
27 99 192 79
28 96 197 89
29 115 194 58
30 110 206 84
31 107 200 74
32 110 196 87
33 134 195 70
34 127 188 90
35 134 187 72
36 125 173 80
37 133 184 61
38 133 201 88
39 138 189 74
40 158 214 90
41 146 182 62
42 145 194 80
43 154 191 64
44 158 203 84
45 158 199 63
46 166 199 78
47 161 198 79
48 160 199 87
49 188 181 74
50 170 188 96
51 168 190 83
52 173 185 82
53 176 182 63
54 178 184 93
55 186 184 98
56 182 215 83
57 193 182 65
58 184 192 82
59 186 187 90
60 180 202 81
61 191 198 69
62 180 197 101
63 197 192 78
64 190 231 102
65 191 186 94
66 230 189 97
67 203 196 97
68 207 194 76
69 203 184 69
70 210 193 99
71 215 178 66
72 214 212 87
73 223 178 61
74 221 196 78
75 226 187 77
76 229 184 76
77 233 182 68
78 229 192 77
79 237 186 73
80 240 179 86
81 232 182 84
82 259 192 90
83 243 196 85
84 246 195 85
85 241 191 72
86 245 180 87
87 252 192 80
88 256 218 105
89 250 196 68
90 264 182 79
91 255 191 79
92 275 188 75