2 99 37 218
3 48 65 199
4 57 62 192
5 65 43 193
6 63 68 184
7 57 47 190
8 57 49 194
9 58 52 187
10 92 56 185
11 57 48 200
12 59 59 191
13 59 53 181
14 63 65 191
15 71 57 196
16 88 58 185
17 86 64 180
18 89 63 186
19 96 65 189
20 77 67 182
21 81 65 193
22 90 79 195
23 90 78 195
24 95 82 193
25 93 82 185
26 94 106 200
27 100 98 210
28 103 105 186
29 103 93 186
30 104 97 192
31 103 90 182
32 108 100 213
33 109 106 181
34 117 109 207
35 138 97 197
36 136 109 193
37 133 105 184
38 135 118 182
39 134 103 176
40 142 108 209
41 139 117 181
42 154 114 183
43 147 112 178
44 151 125 206
45 176 123 179
46 160 121 180
47 157 124 187
48 159 133 200
49 166 141 185
50 168 141 188
51 172 133 191
52 163 141 186
53 168 137 184
54 178 144 182
55 175 142 181
56 174 140 209
57 186 141 182
58 185 155 187
59 203 148 186
60 194 146 179
61 199 148 186
62 190 163 186
63 216 156 187
64 207 165 175
65 213 168 181
66 208 160 184
67 206 173 180
68 210 174 177
69 221 165 178
70 215 176 181
71 218 177 195
72 235 176 196
73 221 180 181
74 225 190 195
75 224 192 181
76 240 189 185
77 233 197 188
78 235 196 197
79 236 191 181
80 248 196 205
81 246 202 191
82 249 205 189
83 241 199 182
84 242 215 179
85 256 204 187
86 265 210 191
87 256 213 184
88 249 221 183
89 266 218 195
90 266 224 188
91 270 218 196
92 268 241 187